Using pre-set license
Built from '2020.3/staging' branch; Version is '2020.3.4f1 (0abb6314276a) revision 703331'; Using compiler version '192528614'; Build Type 'Release'
OS: 'Windows 10 Home Single Language; OS build 18363.1556; Version 1909; 64bit' Language: 'en' Physical Memory: 8079 MB
BatchMode: 1, IsHumanControllingUs: 0, StartBugReporterOnCrash: 0, Is64bit: 1, IsPro: 0

 COMMAND LINE ARGUMENTS:
C:\Program Files\Unity\Hub\Editor\2019.4.2f1\Editor\Unity.exe
-adb2
-batchMode
-noUpm
-name
AssetImportWorker0
-projectPath
D:/UNITY PROJECTS/TricolaUnity
-logFile
Logs/AssetImportWorker0.log
-srvPort
53833
Successfully changed project path to: D:/UNITY PROJECTS/TricolaUnity
D:/UNITY PROJECTS/TricolaUnity
Using Asset Import Pipeline V2.
Refreshing native plugins compatible for Editor in 218.30 ms, found 0 plugins.
Preloading 0 native plugins for Editor in 0.00 ms.
Initialize engine version: 2020.3.4f1 (0abb6314276a)
[Subsystems] Discovering subsystems at path C:/Program Files/Unity/Hub/Editor/2019.4.2f1/Editor/Data/Resources/UnitySubsystems
[Subsystems] Discovering subsystems at path D:/UNITY PROJECTS/TricolaUnity/Assets
GfxDevice: creating device client; threaded=0
Direct3D:
    Version:  Direct3D 11.0 [level 11.1]
    Renderer: Intel(R) UHD Graphics 620 (ID=0x3ea0)
    Vendor:   
    VRAM:     4039 MB
    Driver:   26.20.100.7985
Initialize mono
Mono path[0] = 'C:/Program Files/Unity/Hub/Editor/2019.4.2f1/Editor/Data/Managed'
Mono path[1] = 'C:/Program Files/Unity/Hub/Editor/2019.4.2f1/Editor/Data/MonoBleedingEdge/lib/mono/unityjit'
Mono config path = 'C:/Program Files/Unity/Hub/Editor/2019.4.2f1/Editor/Data/MonoBleedingEdge/etc'
Using monoOptions --debugger-agent=transport=dt_socket,embedding=1,server=y,suspend=n,address=127.0.0.1:56900
Begin MonoManager ReloadAssembly
Registering precompiled unity dll's ...
Register platform support module: C:/Program Files/Unity/Hub/Editor/2019.4.2f1/Editor/Data/PlaybackEngines/WindowsStandaloneSupport/UnityEditor.WindowsStandalone.Extensions.dll
Registered in 0.002692 seconds.
Native extension for WindowsStandalone target not found
Refreshing native plugins compatible for Editor in 23.86 ms, found 0 plugins.
Preloading 0 native plugins for Editor in 0.00 ms.
Mono: successfully reloaded assembly
- Completed reload, in  1.682 seconds
Platform modules already initialized, skipping
Registering precompiled user dll's ...
Registered in 0.000633 seconds.
Begin MonoManager ReloadAssembly
Native extension for WindowsStandalone target not found
Refreshing native plugins compatible for Editor in 0.22 ms, found 0 plugins.
Preloading 0 native plugins for Editor in 0.00 ms.
Mono: successfully reloaded assembly
- Completed reload, in  0.887 seconds
Platform modules already initialized, skipping
========================================================================
Worker process is ready to serve import requests
Launched and connected shader compiler UnityShaderCompiler.exe after 0.41 seconds
Refreshing native plugins compatible for Editor in 0.26 ms, found 0 plugins.
Preloading 0 native plugins for Editor in 0.00 ms.
Unloading 1115 Unused Serialized files (Serialized files now loaded: 0)
System memory in use before: 57.2 MB.
System memory in use after: 57.2 MB.

Unloading 10 unused Assets to reduce memory usage. Loaded Objects now: 1557.
Total: 3.036500 ms (FindLiveObjects: 0.304700 ms CreateObjectMapping: 0.096000 ms MarkObjects: 2.517300 ms  DeleteObjects: 0.116500 ms)

========================================================================
Received Import Request.
  path: Assets
  artifactKey: Guid(00000000000000001000000000000000) Importer(815301076,1909f56bfc062723c751e8b465ee728b)
Start importing Assets using Guid(00000000000000001000000000000000) Importer(815301076,1909f56bfc062723c751e8b465ee728b)  -> (artifact id: '025e4f587c23674256bb898581e82961') in 0.210498 seconds
  Import took 1.042938 seconds .

========================================================================
Received Import Request.
  Time since last request: 7.762311 seconds.
  path: Assets/Resources
  artifactKey: Guid(1646eb90a70014e4ca76a4e2368d2c96) Importer(815301076,1909f56bfc062723c751e8b465ee728b)
Start importing Assets/Resources using Guid(1646eb90a70014e4ca76a4e2368d2c96) Importer(815301076,1909f56bfc062723c751e8b465ee728b)  -> (artifact id: 'b75c1575541280bf8a8094aa5a72dc52') in 0.112263 seconds
  Import took 0.740168 seconds .

========================================================================
Received Import Request.
  Time since last request: 9.333332 seconds.
  path: Assets/Scripts
  artifactKey: Guid(e5228ed9f429ae743901e7b5cc3fff2d) Importer(815301076,1909f56bfc062723c751e8b465ee728b)
Start importing Assets/Scripts using Guid(e5228ed9f429ae743901e7b5cc3fff2d) Importer(815301076,1909f56bfc062723c751e8b465ee728b)  -> (artifact id: '7f02c3a065d93c04f148342884f385e3') in 0.033887 seconds
  Import took 0.176239 seconds .

========================================================================
Received Import Request.
  Time since last request: 27.693491 seconds.
  path: Assets/Scripts/JSONReader.cs
  artifactKey: Guid(e702adfd08f322a49b94fc98150035cd) Importer(815301076,1909f56bfc062723c751e8b465ee728b)
Start importing Assets/Scripts/JSONReader.cs using Guid(e702adfd08f322a49b94fc98150035cd) Importer(815301076,1909f56bfc062723c751e8b465ee728b)  -> (artifact id: '8581d36fb0864a28a30a4bf94c2b15d1') in 0.162199 seconds
  Import took 0.213231 seconds .

========================================================================
Received Import Request.
  Time since last request: 0.006911 seconds.
  path: Assets/Scripts/JSONReader.cs
  artifactKey: Guid(e702adfd08f322a49b94fc98150035cd) Importer(815301076,1909f56bfc062723c751e8b465ee728b)
Start importing Assets/Scripts/JSONReader.cs using Guid(e702adfd08f322a49b94fc98150035cd) Importer(815301076,1909f56bfc062723c751e8b465ee728b)  -> (artifact id: '8581d36fb0864a28a30a4bf94c2b15d1') in 0.001698 seconds
  Import took 0.021140 seconds .

========================================================================
Received Prepare
Registering precompiled user dll's ...
Registered in 0.000819 seconds.
Begin MonoManager ReloadAssembly
Native extension for WindowsStandalone target not found
Refreshing native plugins compatible for Editor in 0.31 ms, found 0 plugins.
Preloading 0 native plugins for Editor in 0.00 ms.
Mono: successfully reloaded assembly
- Completed reload, in  1.028 seconds
Platform modules already initialized, skipping
Refreshing native plugins compatible for Editor in 0.30 ms, found 0 plugins.
Preloading 0 native plugins for Editor in 0.00 ms.
Unloading 1111 Unused Serialized files (Serialized files now loaded: 0)
System memory in use before: 57.1 MB.
System memory in use after: 57.2 MB.

Unloading 5 unused Assets to reduce memory usage. Loaded Objects now: 1561.
Total: 1.931200 ms (FindLiveObjects: 0.144700 ms CreateObjectMapping: 0.059100 ms MarkObjects: 1.668300 ms  DeleteObjects: 0.057200 ms)

========================================================================
Received Import Request.
  Time since last request: 700.219897 seconds.
  path: Assets/Scripts/JSONReader.cs
  artifactKey: Guid(e702adfd08f322a49b94fc98150035cd) Importer(815301076,1909f56bfc062723c751e8b465ee728b)
Start importing Assets/Scripts/JSONReader.cs using Guid(e702adfd08f322a49b94fc98150035cd) Importer(815301076,1909f56bfc062723c751e8b465ee728b)  -> (artifact id: 'e61c3e6f4dc61e3591dfcdcaee4022a9') in 0.048656 seconds
  Import took 0.203095 seconds .

========================================================================
Received Import Request.
  Time since last request: 0.591231 seconds.
  path: Assets/Scripts/JSONReader.cs
  artifactKey: Guid(e702adfd08f322a49b94fc98150035cd) Importer(815301076,1909f56bfc062723c751e8b465ee728b)
Start importing Assets/Scripts/JSONReader.cs using Guid(e702adfd08f322a49b94fc98150035cd) Importer(815301076,1909f56bfc062723c751e8b465ee728b)  -> (artifact id: 'e61c3e6f4dc61e3591dfcdcaee4022a9') in 0.002067 seconds
  Import took 0.006158 seconds .

========================================================================
Received Import Request.
  Time since last request: 35.868764 seconds.
  path: Assets/Scripts/JSONReader.cs
  artifactKey: Guid(e702adfd08f322a49b94fc98150035cd) Importer(815301076,1909f56bfc062723c751e8b465ee728b)
Start importing Assets/Scripts/JSONReader.cs using Guid(e702adfd08f322a49b94fc98150035cd) Importer(815301076,1909f56bfc062723c751e8b465ee728b)  -> (artifact id: '0297bf28040d2f5c6df12dda36534898') in 0.002650 seconds
  Import took 0.006659 seconds .

========================================================================
Received Prepare
Registering precompiled user dll's ...
Registered in 0.000850 seconds.
Begin MonoManager ReloadAssembly
Native extension for WindowsStandalone target not found
Refreshing native plugins compatible for Editor in 0.28 ms, found 0 plugins.
Preloading 0 native plugins for Editor in 0.00 ms.
Mono: successfully reloaded assembly
- Completed reload, in  0.771 seconds
Platform modules already initialized, skipping
Refreshing native plugins compatible for Editor in 0.64 ms, found 0 plugins.
Preloading 0 native plugins for Editor in 0.00 ms.
Unloading 1111 Unused Serialized files (Serialized files now loaded: 0)
System memory in use before: 57.1 MB.
System memory in use after: 57.2 MB.

Unloading 5 unused Assets to reduce memory usage. Loaded Objects now: 1564.
Total: 2.696900 ms (FindLiveObjects: 0.189800 ms CreateObjectMapping: 0.057700 ms MarkObjects: 2.368200 ms  DeleteObjects: 0.078000 ms)

========================================================================
Received Prepare
Registering precompiled user dll's ...
Registered in 0.000539 seconds.
Begin MonoManager ReloadAssembly
Native extension for WindowsStandalone target not found
Refreshing native plugins compatible for Editor in 0.36 ms, found 0 plugins.
Preloading 0 native plugins for Editor in 0.00 ms.
Mono: successfully reloaded assembly
- Completed reload, in  0.921 seconds
Platform modules already initialized, skipping
Refreshing native plugins compatible for Editor in 0.24 ms, found 0 plugins.
Preloading 0 native plugins for Editor in 0.00 ms.
Unloading 1111 Unused Serialized files (Serialized files now loaded: 0)
System memory in use before: 57.2 MB.
System memory in use after: 57.2 MB.

Unloading 5 unused Assets to reduce memory usage. Loaded Objects now: 1567.
Total: 6.361800 ms (FindLiveObjects: 0.468100 ms CreateObjectMapping: 0.235700 ms MarkObjects: 5.565100 ms  DeleteObjects: 0.089100 ms)

========================================================================
Received Prepare
Registering precompiled user dll's ...
Registered in 0.000620 seconds.
Begin MonoManager ReloadAssembly
Native extension for WindowsStandalone target not found
Refreshing native plugins compatible for Editor in 0.20 ms, found 0 plugins.
Preloading 0 native plugins for Editor in 0.00 ms.
Mono: successfully reloaded assembly
- Completed reload, in  0.882 seconds
Platform modules already initialized, skipping
Refreshing native plugins compatible for Editor in 0.31 ms, found 0 plugins.
Preloading 0 native plugins for Editor in 0.00 ms.
Unloading 1111 Unused Serialized files (Serialized files now loaded: 0)
System memory in use before: 57.2 MB.
System memory in use after: 57.2 MB.

Unloading 5 unused Assets to reduce memory usage. Loaded Objects now: 1570.
Total: 2.424000 ms (FindLiveObjects: 0.199700 ms CreateObjectMapping: 0.088400 ms MarkObjects: 2.066500 ms  DeleteObjects: 0.068100 ms)

========================================================================
Received Prepare
Registering precompiled user dll's ...
Registered in 0.001348 seconds.
Begin MonoManager ReloadAssembly
Native extension for WindowsStandalone target not found
Refreshing native plugins compatible for Editor in 0.22 ms, found 0 plugins.
Preloading 0 native plugins for Editor in 0.00 ms.
Mono: successfully reloaded assembly
- Completed reload, in  1.277 seconds
Platform modules already initialized, skipping
Refreshing native plugins compatible for Editor in 0.19 ms, found 0 plugins.
Preloading 0 native plugins for Editor in 0.00 ms.
Unloading 1111 Unused Serialized files (Serialized files now loaded: 0)
System memory in use before: 57.2 MB.
System memory in use after: 57.2 MB.

Unloading 5 unused Assets to reduce memory usage. Loaded Objects now: 1573.
Total: 2.041500 ms (FindLiveObjects: 0.223900 ms CreateObjectMapping: 0.069300 ms MarkObjects: 1.679300 ms  DeleteObjects: 0.067600 ms)

========================================================================
Received Prepare
Registering precompiled user dll's ...
Registered in 0.000585 seconds.
Begin MonoManager ReloadAssembly
Native extension for WindowsStandalone target not found
Refreshing native plugins compatible for Editor in 0.20 ms, found 0 plugins.
Preloading 0 native plugins for Editor in 0.00 ms.
Mono: successfully reloaded assembly
- Completed reload, in  0.909 seconds
Platform modules already initialized, skipping
Refreshing native plugins compatible for Editor in 0.19 ms, found 0 plugins.
Preloading 0 native plugins for Editor in 0.00 ms.
Unloading 1111 Unused Serialized files (Serialized files now loaded: 0)
System memory in use before: 57.2 MB.
System memory in use after: 57.2 MB.

Unloading 5 unused Assets to reduce memory usage. Loaded Objects now: 1576.
Total: 1.919000 ms (FindLiveObjects: 0.229800 ms CreateObjectMapping: 0.090100 ms MarkObjects: 1.510200 ms  DeleteObjects: 0.087800 ms)

========================================================================
Received Import Request.
  Time since last request: 1326.586601 seconds.
  path: Assets/Resources/output.json
  artifactKey: Guid(26b4bfa2b2ff7c44dbd36c1ebed3dc46) Importer(815301076,1909f56bfc062723c751e8b465ee728b)
Start importing Assets/Resources/output.json using Guid(26b4bfa2b2ff7c44dbd36c1ebed3dc46) Importer(815301076,1909f56bfc062723c751e8b465ee728b)  -> (artifact id: 'ccd9f0c52a249454d52b8dc8934cd1bb') in 0.302528 seconds
  Import took 0.306788 seconds .

========================================================================
Received Import Request.
  Time since last request: 0.338584 seconds.
  path: Assets/Resources/output.json
  artifactKey: Guid(26b4bfa2b2ff7c44dbd36c1ebed3dc46) Importer(815301076,1909f56bfc062723c751e8b465ee728b)
Start importing Assets/Resources/output.json using Guid(26b4bfa2b2ff7c44dbd36c1ebed3dc46) Importer(815301076,1909f56bfc062723c751e8b465ee728b)  -> (artifact id: 'ccd9f0c52a249454d52b8dc8934cd1bb') in 0.005036 seconds
  Import took 0.010081 seconds .

========================================================================
Received Import Request.
  Time since last request: 37.370305 seconds.
  path: Assets/Resources/quiz.json
  artifactKey: Guid(bd9a30911445ecc498f15f331480133e) Importer(815301076,1909f56bfc062723c751e8b465ee728b)
Start importing Assets/Resources/quiz.json using Guid(bd9a30911445ecc498f15f331480133e) Importer(815301076,1909f56bfc062723c751e8b465ee728b)  -> (artifact id: 'a429cc9e6e04ced2b32fae6d11e543d1') in 0.002829 seconds
  Import took 0.125792 seconds .

========================================================================
Received Prepare
Registering precompiled user dll's ...
Registered in 0.057832 seconds.
Begin MonoManager ReloadAssembly
Native extension for WindowsStandalone target not found
Refreshing native plugins compatible for Editor in 0.22 ms, found 0 plugins.
Preloading 0 native plugins for Editor in 0.00 ms.
Mono: successfully reloaded assembly
- Completed reload, in  2.969 seconds
Platform modules already initialized, skipping
Refreshing native plugins compatible for Editor in 0.36 ms, found 0 plugins.
Preloading 0 native plugins for Editor in 0.00 ms.
Unloading 1111 Unused Serialized files (Serialized files now loaded: 0)
System memory in use before: 57.2 MB.
System memory in use after: 57.3 MB.

Unloading 5 unused Assets to reduce memory usage. Loaded Objects now: 1579.
Total: 3.055500 ms (FindLiveObjects: 0.186600 ms CreateObjectMapping: 0.080200 ms MarkObjects: 2.710800 ms  DeleteObjects: 0.076300 ms)

========================================================================
Received Import Request.
  Time since last request: 495.541102 seconds.
  path: Assets/Resources/quiz.json
  artifactKey: Guid(bd9a30911445ecc498f15f331480133e) Importer(815301076,1909f56bfc062723c751e8b465ee728b)
Start importing Assets/Resources/quiz.json using Guid(bd9a30911445ecc498f15f331480133e) Importer(815301076,1909f56bfc062723c751e8b465ee728b)  -> (artifact id: '5c7f0fd449f7c80e398cc14e496b92fd') in 0.013906 seconds
  Import took 0.309532 seconds .

========================================================================
Received Prepare
Registering precompiled user dll's ...
Registered in 0.002074 seconds.
Begin MonoManager ReloadAssembly
Native extension for WindowsStandalone target not found
Refreshing native plugins compatible for Editor in 0.20 ms, found 0 plugins.
Preloading 0 native plugins for Editor in 0.00 ms.
Mono: successfully reloaded assembly
- Completed reload, in  0.867 seconds
Platform modules already initialized, skipping
Refreshing native plugins compatible for Editor in 0.39 ms, found 0 plugins.
Preloading 0 native plugins for Editor in 0.00 ms.
Unloading 1111 Unused Serialized files (Serialized files now loaded: 0)
System memory in use before: 57.2 MB.
System memory in use after: 57.3 MB.

Unloading 5 unused Assets to reduce memory usage. Loaded Objects now: 1582.
Total: 2.206600 ms (FindLiveObjects: 0.150800 ms CreateObjectMapping: 0.052300 ms MarkObjects: 1.937600 ms  DeleteObjects: 0.064100 ms)

========================================================================
Received Prepare
Registering precompiled user dll's ...
Registered in 0.000668 seconds.
Begin MonoManager ReloadAssembly
Native extension for WindowsStandalone target not found
Refreshing native plugins compatible for Editor in 0.20 ms, found 0 plugins.
Preloading 0 native plugins for Editor in 0.00 ms.
Mono: successfully reloaded assembly
- Completed reload, in  2.068 seconds
Platform modules already initialized, skipping
Refreshing native plugins compatible for Editor in 0.43 ms, found 0 plugins.
Preloading 0 native plugins for Editor in 0.00 ms.
Unloading 1111 Unused Serialized files (Serialized files now loaded: 0)
System memory in use before: 57.2 MB.
System memory in use after: 57.3 MB.

Unloading 5 unused Assets to reduce memory usage. Loaded Objects now: 1585.
Total: 70.007800 ms (FindLiveObjects: 0.510500 ms CreateObjectMapping: 0.134500 ms MarkObjects: 69.246700 ms  DeleteObjects: 0.110900 ms)

========================================================================
Received Import Request.
  Time since last request: 1526.496038 seconds.
  path: Assets/Resources/quiz.json
  artifactKey: Guid(bd9a30911445ecc498f15f331480133e) Importer(815301076,1909f56bfc062723c751e8b465ee728b)
Start importing Assets/Resources/quiz.json using Guid(bd9a30911445ecc498f15f331480133e) Importer(815301076,1909f56bfc062723c751e8b465ee728b)  -> (artifact id: 'f480b0b904c080a90c7ee71c7674c3e8') in 0.019147 seconds
  Import took 0.175282 seconds .

========================================================================
Received Import Request.
  Time since last request: 40.046813 seconds.
  path: Assets/Resources/quiz.json
  artifactKey: Guid(bd9a30911445ecc498f15f331480133e) Importer(815301076,1909f56bfc062723c751e8b465ee728b)
Start importing Assets/Resources/quiz.json using Guid(bd9a30911445ecc498f15f331480133e) Importer(815301076,1909f56bfc062723c751e8b465ee728b)  -> (artifact id: '5bc56a6300052ab7b12a1eac9bf78086') in 0.007063 seconds
  Import took 0.012695 seconds .

========================================================================
Received Prepare
Registering precompiled user dll's ...
Registered in 0.000905 seconds.
Begin MonoManager ReloadAssembly
Native extension for WindowsStandalone target not found
Refreshing native plugins compatible for Editor in 0.22 ms, found 0 plugins.
Preloading 0 native plugins for Editor in 0.00 ms.
Mono: successfully reloaded assembly
- Completed reload, in  1.860 seconds
Platform modules already initialized, skipping
Refreshing native plugins compatible for Editor in 0.34 ms, found 0 plugins.
Preloading 0 native plugins for Editor in 0.00 ms.
Unloading 1111 Unused Serialized files (Serialized files now loaded: 0)
System memory in use before: 57.2 MB.
System memory in use after: 57.3 MB.

Unloading 5 unused Assets to reduce memory usage. Loaded Objects now: 1588.
Total: 2.121500 ms (FindLiveObjects: 0.186600 ms CreateObjectMapping: 0.077900 ms MarkObjects: 1.797700 ms  DeleteObjects: 0.057400 ms)

========================================================================
Received Prepare
Registering precompiled user dll's ...
Registered in 0.004524 seconds.
Begin MonoManager ReloadAssembly
Native extension for WindowsStandalone target not found
Refreshing native plugins compatible for Editor in 0.23 ms, found 0 plugins.
Preloading 0 native plugins for Editor in 0.00 ms.
Mono: successfully reloaded assembly
- Completed reload, in  3.050 seconds
Platform modules already initialized, skipping
Refreshing native plugins compatible for Editor in 0.18 ms, found 0 plugins.
Preloading 0 native plugins for Editor in 0.00 ms.
Unloading 1111 Unused Serialized files (Serialized files now loaded: 0)
System memory in use before: 57.2 MB.
System memory in use after: 57.3 MB.

Unloading 5 unused Assets to reduce memory usage. Loaded Objects now: 1591.
Total: 1.799200 ms (FindLiveObjects: 0.159900 ms CreateObjectMapping: 0.031100 ms MarkObjects: 1.524700 ms  DeleteObjects: 0.062200 ms)

========================================================================
Received Prepare
Registering precompiled user dll's ...
Registered in 0.000636 seconds.
Begin MonoManager ReloadAssembly
Native extension for WindowsStandalone target not found
Refreshing native plugins compatible for Editor in 0.31 ms, found 0 plugins.
Preloading 0 native plugins for Editor in 0.00 ms.
Mono: successfully reloaded assembly
- Completed reload, in  1.635 seconds
Platform modules already initialized, skipping
Refreshing native plugins compatible for Editor in 0.26 ms, found 0 plugins.
Preloading 0 native plugins for Editor in 0.00 ms.
Unloading 1111 Unused Serialized files (Serialized files now loaded: 0)
System memory in use before: 57.2 MB.
System memory in use after: 57.3 MB.

Unloading 5 unused Assets to reduce memory usage. Loaded Objects now: 1594.
Total: 2.036600 ms (FindLiveObjects: 0.230800 ms CreateObjectMapping: 0.066600 ms MarkObjects: 1.665600 ms  DeleteObjects: 0.072000 ms)

========================================================================
Received Prepare
Registering precompiled user dll's ...
Registered in 0.001371 seconds.
Begin MonoManager ReloadAssembly
Native extension for WindowsStandalone target not found
Refreshing native plugins compatible for Editor in 0.22 ms, found 0 plugins.
Preloading 0 native plugins for Editor in 0.00 ms.
Mono: successfully reloaded assembly
- Completed reload, in  1.147 seconds
Platform modules already initialized, skipping
Refreshing native plugins compatible for Editor in 0.18 ms, found 0 plugins.
Preloading 0 native plugins for Editor in 0.00 ms.
Unloading 1111 Unused Serialized files (Serialized files now loaded: 0)
System memory in use before: 57.2 MB.
System memory in use after: 57.3 MB.

Unloading 5 unused Assets to reduce memory usage. Loaded Objects now: 1597.
Total: 2.275200 ms (FindLiveObjects: 0.170900 ms CreateObjectMapping: 0.057100 ms MarkObjects: 1.988700 ms  DeleteObjects: 0.056900 ms)

========================================================================
Received Prepare
Registering precompiled user dll's ...
Registered in 0.000590 seconds.
Begin MonoManager ReloadAssembly
Native extension for WindowsStandalone target not found
Refreshing native plugins compatible for Editor in 0.27 ms, found 0 plugins.
Preloading 0 native plugins for Editor in 0.00 ms.
Mono: successfully reloaded assembly
- Completed reload, in  2.552 seconds
Platform modules already initialized, skipping
Refreshing native plugins compatible for Editor in 0.27 ms, found 0 plugins.
Preloading 0 native plugins for Editor in 0.00 ms.
Unloading 1111 Unused Serialized files (Serialized files now loaded: 0)
System memory in use before: 57.2 MB.
System memory in use after: 57.3 MB.

Unloading 5 unused Assets to reduce memory usage. Loaded Objects now: 1600.
Total: 2.628500 ms (FindLiveObjects: 0.210800 ms CreateObjectMapping: 0.042500 ms MarkObjects: 2.298700 ms  DeleteObjects: 0.074400 ms)

========================================================================
Received Prepare
Registering precompiled user dll's ...
Registered in 0.021343 seconds.
Begin MonoManager ReloadAssembly
Native extension for WindowsStandalone target not found
Refreshing native plugins compatible for Editor in 0.89 ms, found 0 plugins.
Preloading 0 native plugins for Editor in 0.00 ms.
Mono: successfully reloaded assembly
- Completed reload, in  7.189 seconds
Platform modules already initialized, skipping
Refreshing native plugins compatible for Editor in 0.66 ms, found 0 plugins.
Preloading 0 native plugins for Editor in 0.00 ms.
Unloading 1111 Unused Serialized files (Serialized files now loaded: 0)
System memory in use before: 57.2 MB.
System memory in use after: 57.3 MB.

Unloading 5 unused Assets to reduce memory usage. Loaded Objects now: 1603.
Total: 8.163800 ms (FindLiveObjects: 0.562900 ms CreateObjectMapping: 0.184400 ms MarkObjects: 6.938300 ms  DeleteObjects: 0.469100 ms)

========================================================================
Received Prepare
Registering precompiled user dll's ...
Registered in 0.016457 seconds.
Begin MonoManager ReloadAssembly
Native extension for WindowsStandalone target not found
Refreshing native plugins compatible for Editor in 0.40 ms, found 0 plugins.
Preloading 0 native plugins for Editor in 0.00 ms.
Mono: successfully reloaded assembly
- Completed reload, in  2.663 seconds
Platform modules already initialized, skipping
Refreshing native plugins compatible for Editor in 0.38 ms, found 0 plugins.
Preloading 0 native plugins for Editor in 0.00 ms.
Unloading 1124 Unused Serialized files (Serialized files now loaded: 0)
System memory in use before: 59.2 MB.
System memory in use after: 58.6 MB.

Unloading 18 unused Assets to reduce memory usage. Loaded Objects now: 1606.
Total: 2.749300 ms (FindLiveObjects: 0.191400 ms CreateObjectMapping: 0.057400 ms MarkObjects: 1.987800 ms  DeleteObjects: 0.510800 ms)

========================================================================
Received Prepare
Registering precompiled user dll's ...
Registered in 0.000832 seconds.
Begin MonoManager ReloadAssembly
Native extension for WindowsStandalone target not found
Refreshing native plugins compatible for Editor in 1.09 ms, found 0 plugins.
Preloading 0 native plugins for Editor in 0.00 ms.
Mono: successfully reloaded assembly
- Completed reload, in  3.467 seconds
Platform modules already initialized, skipping
Refreshing native plugins compatible for Editor in 0.64 ms, found 0 plugins.
Preloading 0 native plugins for Editor in 0.00 ms.
Unloading 1124 Unused Serialized files (Serialized files now loaded: 0)
System memory in use before: 59.2 MB.
System memory in use after: 58.6 MB.

Unloading 18 unused Assets to reduce memory usage. Loaded Objects now: 1609.
Total: 4.144800 ms (FindLiveObjects: 0.269300 ms CreateObjectMapping: 0.080300 ms MarkObjects: 3.035100 ms  DeleteObjects: 0.754500 ms)

========================================================================
Received Prepare
Registering precompiled user dll's ...
Registered in 0.000827 seconds.
Begin MonoManager ReloadAssembly
Native extension for WindowsStandalone target not found
Refreshing native plugins compatible for Editor in 3.06 ms, found 0 plugins.
Preloading 0 native plugins for Editor in 0.00 ms.
Mono: successfully reloaded assembly
- Completed reload, in  1.618 seconds
Platform modules already initialized, skipping
Refreshing native plugins compatible for Editor in 0.25 ms, found 0 plugins.
Preloading 0 native plugins for Editor in 0.00 ms.
Unloading 1124 Unused Serialized files (Serialized files now loaded: 0)
System memory in use before: 59.2 MB.
System memory in use after: 58.7 MB.

Unloading 18 unused Assets to reduce memory usage. Loaded Objects now: 1612.
Total: 2.967600 ms (FindLiveObjects: 0.254000 ms CreateObjectMapping: 0.080900 ms MarkObjects: 2.104600 ms  DeleteObjects: 0.526600 ms)

========================================================================
Received Prepare
Registering precompiled user dll's ...
Registered in 0.000984 seconds.
Begin MonoManager ReloadAssembly
Native extension for WindowsStandalone target not found
Refreshing native plugins compatible for Editor in 0.55 ms, found 0 plugins.
Preloading 0 native plugins for Editor in 0.00 ms.
Mono: successfully reloaded assembly
- Completed reload, in  2.786 seconds
Platform modules already initialized, skipping
Refreshing native plugins compatible for Editor in 0.22 ms, found 0 plugins.
Preloading 0 native plugins for Editor in 0.00 ms.
Unloading 1124 Unused Serialized files (Serialized files now loaded: 0)
System memory in use before: 59.2 MB.
System memory in use after: 58.7 MB.

Unloading 18 unused Assets to reduce memory usage. Loaded Objects now: 1615.
Total: 3.325200 ms (FindLiveObjects: 0.230000 ms CreateObjectMapping: 0.085700 ms MarkObjects: 2.583900 ms  DeleteObjects: 0.423700 ms)

========================================================================
Received Prepare
Registering precompiled user dll's ...
Registered in 0.002069 seconds.
Begin MonoManager ReloadAssembly
Native extension for WindowsStandalone target not found
Refreshing native plugins compatible for Editor in 0.95 ms, found 0 plugins.
Preloading 0 native plugins for Editor in 0.00 ms.
Mono: successfully reloaded assembly
- Completed reload, in  3.236 seconds
Platform modules already initialized, skipping
Refreshing native plugins compatible for Editor in 0.51 ms, found 0 plugins.
Preloading 0 native plugins for Editor in 0.00 ms.
Unloading 1124 Unused Serialized files (Serialized files now loaded: 0)
System memory in use before: 59.2 MB.
System memory in use after: 58.7 MB.

Unloading 18 unused Assets to reduce memory usage. Loaded Objects now: 1618.
Total: 3.788200 ms (FindLiveObjects: 0.367300 ms CreateObjectMapping: 0.105900 ms MarkObjects: 2.700900 ms  DeleteObjects: 0.611000 ms)

========================================================================
Received Prepare
Registering precompiled user dll's ...
Registered in 0.001821 seconds.
Begin MonoManager ReloadAssembly
Native extension for WindowsStandalone target not found
Refreshing native plugins compatible for Editor in 0.48 ms, found 0 plugins.
Preloading 0 native plugins for Editor in 0.00 ms.
Mono: successfully reloaded assembly
- Completed reload, in  2.197 seconds
Platform modules already initialized, skipping
Refreshing native plugins compatible for Editor in 0.38 ms, found 0 plugins.
Preloading 0 native plugins for Editor in 0.00 ms.
Unloading 1124 Unused Serialized files (Serialized files now loaded: 0)
System memory in use before: 59.2 MB.
System memory in use after: 58.7 MB.

Unloading 18 unused Assets to reduce memory usage. Loaded Objects now: 1621.
Total: 4.603200 ms (FindLiveObjects: 0.413900 ms CreateObjectMapping: 0.116400 ms MarkObjects: 3.304400 ms  DeleteObjects: 0.764800 ms)

========================================================================
Received Prepare
Registering precompiled user dll's ...
Registered in 0.001594 seconds.
Begin MonoManager ReloadAssembly
Native extension for WindowsStandalone target not found
Refreshing native plugins compatible for Editor in 0.39 ms, found 0 plugins.
Preloading 0 native plugins for Editor in 0.00 ms.
Mono: successfully reloaded assembly
- Completed reload, in  2.199 seconds
Platform modules already initialized, skipping
Refreshing native plugins compatible for Editor in 0.40 ms, found 0 plugins.
Preloading 0 native plugins for Editor in 0.00 ms.
Unloading 1124 Unused Serialized files (Serialized files now loaded: 0)
System memory in use before: 59.3 MB.
System memory in use after: 58.7 MB.

Unloading 18 unused Assets to reduce memory usage. Loaded Objects now: 1624.
Total: 4.506500 ms (FindLiveObjects: 0.390800 ms CreateObjectMapping: 0.074600 ms MarkObjects: 3.233700 ms  DeleteObjects: 0.803600 ms)

